--- Startup times for process: Primary/TUI ---

times in msec
 clock   self+sourced   self:  sourced script
 clock   elapsed:              other lines

000.000  000.000: --- NVIM STARTING ---
000.127  000.126: event init
000.556  000.429: early init
001.477  000.921: locale set
001.540  000.062: init first window
002.019  000.479: inits 1
002.026  000.007: window checked
002.030  000.004: parsing arguments
002.784  000.036  000.036: require('vim.shared')
002.871  000.045  000.045: require('vim.inspect')
002.917  000.036  000.036: require('vim._options')
002.919  000.131  000.050: require('vim._editor')
002.920  000.212  000.045: require('vim._init_packages')
002.923  000.681: init lua interpreter
003.583  000.660: --- NVIM STARTED ---

--- Startup times for process: Embedded ---

times in msec
 clock   self+sourced   self:  sourced script
 clock   elapsed:              other lines

000.000  000.000: --- NVIM STARTING ---
000.099  000.099: event init
000.226  000.127: early init
000.624  000.398: locale set
000.664  000.040: init first window
000.947  000.283: inits 1
000.966  000.018: window checked
000.969  000.003: parsing arguments
001.374  000.028  000.028: require('vim.shared')
001.437  000.031  000.031: require('vim.inspect')
001.474  000.029  000.029: require('vim._options')
001.475  000.098  000.039: require('vim._editor')
001.476  000.178  000.052: require('vim._init_packages')
001.477  000.331: init lua interpreter
003.648  002.171: expanding arguments
003.663  000.015: inits 2
003.890  000.227: init highlight
003.893  000.003: waiting for UI
004.069  000.176: done waiting for UI
004.073  000.004: clear screen
004.154  000.007  000.007: require('vim.keymap')
004.696  000.614  000.607: require('vim._defaults')
004.697  000.010: init default mappings & autocommands
005.497  000.292  000.292: sourcing /opt/homebrew/Cellar/neovim/0.10.3/share/nvim/runtime/ftplugin.vim
005.762  000.172  000.172: sourcing /opt/homebrew/Cellar/neovim/0.10.3/share/nvim/runtime/indent.vim
006.618  000.627  000.627: require('core.options')
010.143  000.007  000.007: require('vim.F')
010.177  001.698  001.691: require('vim.diagnostic')
010.524  003.904  002.206: require('core.keymaps')
011.527  000.850  000.850: require('lazy')
011.635  000.106  000.106: require('plugins.colortheme')
012.045  000.408  000.408: require('plugins.neotree')
012.177  000.130  000.130: require('plugins.bufferline')
012.513  000.335  000.335: require('plugins.lualine')
012.824  000.308  000.308: require('plugins.treesitter')
013.079  000.253  000.253: require('plugins.telescope')
013.265  000.185  000.185: require('plugins.lsp')
013.497  000.231  000.231: require('plugins.autocompletion')
013.644  000.145  000.145: require('plugins.none-ls')
013.728  000.083  000.083: require('plugins.gitsigns')
013.824  000.095  000.095: require('plugins.alpha')
013.889  000.064  000.064: require('plugins.indent-blankline')
013.966  000.076  000.076: require('plugins.comment')
014.028  000.061  000.061: require('plugins.lazygit')
014.095  000.066  000.066: require('plugins.auto-pairs')
014.129  000.020  000.020: require('ffi')
014.226  000.070  000.070: require('vim.fs')
014.597  000.346  000.346: require('vim.uri')
014.625  000.493  000.077: require('vim.loader')
015.104  000.447  000.447: require('lazy.stats')
015.609  000.474  000.474: require('lazy.core.util')
015.887  000.276  000.276: require('lazy.core.config')
016.234  000.111  000.111: require('lazy.core.handler')
017.029  000.278  000.278: require('lazy.pkg')
017.032  000.573  000.295: require('lazy.core.meta')
017.036  000.800  000.227: require('lazy.core.plugin')
017.041  001.153  000.242: require('lazy.core.loader')
017.617  000.261  000.261: require('lazy.core.fragments')
020.080  000.195  000.195: require('lazy.core.handler.event')
020.251  000.167  000.167: require('lazy.core.handler.ft')
020.382  000.129  000.129: require('lazy.core.handler.cmd')
020.530  000.146  000.146: require('lazy.core.handler.keys')
021.472  000.527  000.527: sourcing /opt/homebrew/Cellar/neovim/0.10.3/share/nvim/runtime/filetype.lua
022.850  001.135  001.135: require('gruvbox')
025.427  000.419  000.419: require('vim.version')
026.909  002.328  001.909: sourcing /Users/delgorithm/.local/share/nvim/lazy/gruvbox.nvim/colors/gruvbox.lua
029.239  000.153  000.153: require('luasnip.util.types')
029.365  000.125  000.125: require('luasnip.util.lazy_table')
029.498  000.131  000.131: require('luasnip.extras.filetype_functions')
029.504  001.160  000.751: require('luasnip.default_config')
029.505  001.301  000.141: require('luasnip.session')
029.508  001.536  000.235: require('luasnip.util.util')
029.802  000.188  000.188: require('luasnip.util.path')
030.031  000.128  000.128: require('luasnip.session.snippet_collection.source')
030.128  000.096  000.096: require('luasnip.util.table')
030.215  000.086  000.086: require('luasnip.util.auto_table')
030.219  000.416  000.106: require('luasnip.session.snippet_collection')
030.337  000.117  000.117: require('luasnip.util.log')
030.340  000.831  000.110: require('luasnip.loaders.util')
030.610  000.268  000.268: require('luasnip.loaders.fs_watchers')
030.688  000.077  000.077: require('luasnip.loaders.data')
030.793  000.103  000.103: require('luasnip.session.enqueueable_operations')
031.639  000.141  000.141: require('luasnip.util.ext_opts')
031.881  000.240  000.240: require('luasnip.nodes.key_indexer')
032.142  000.261  000.261: require('luasnip.util.feedkeys')
032.147  000.845  000.204: require('luasnip.nodes.util')
032.231  000.083  000.083: require('luasnip.util.events')
032.240  001.126  000.198: require('luasnip.nodes.node')
032.486  000.086  000.086: require('luasnip.util.extend_decorator')
032.493  000.252  000.167: require('luasnip.nodes.insertNode')
032.651  000.156  000.156: require('luasnip.nodes.textNode')
032.846  000.194  000.194: require('luasnip.util.mark')
033.327  000.127  000.127: require('luasnip.util.select')
033.407  000.078  000.078: require('luasnip.util.time')
033.683  000.662  000.457: require('luasnip.util._builtin_vars')
033.779  000.933  000.271: require('luasnip.util.environ')
033.921  000.140  000.140: require('luasnip.util.pattern_tokenizer')
034.028  000.106  000.106: require('luasnip.util.dict')
035.259  000.017  000.017: require('jsregexp.core')
035.261  000.623  000.607: require('luasnip-jsregexp')
035.262  001.125  000.501: require('luasnip.util.jsregexp')
035.264  001.235  000.110: require('luasnip.nodes.util.trig_engines')
035.287  004.392  000.249: require('luasnip.nodes.snippet')
035.615  000.133  000.133: require('luasnip.util.parser.neovim_ast')
035.753  000.137  000.137: require('luasnip.util.str')
035.926  000.167  000.167: require('luasnip.util.directed_graph')
035.934  000.553  000.115: require('luasnip.util.parser.ast_utils')
036.148  000.213  000.213: require('luasnip.nodes.functionNode')
036.463  000.314  000.314: require('luasnip.nodes.choiceNode')
036.652  000.189  000.189: require('luasnip.nodes.dynamicNode')
036.766  000.113  000.113: require('luasnip.util.functions')
036.770  001.482  000.101: require('luasnip.util.parser.ast_parser')
037.213  000.442  000.442: require('luasnip.util.parser.neovim_parser')
037.216  006.422  000.107: require('luasnip.util.parser')
037.301  000.084  000.084: require('luasnip.nodes.snippetProxy')
037.501  000.198  000.198: require('luasnip.util.jsonc')
037.655  000.074  000.074: require('luasnip.nodes.duplicate')
037.656  000.154  000.080: require('luasnip.loaders.snippet_cache')
037.660  010.395  000.720: require('luasnip.loaders.from_vscode')
042.280  000.098  000.098: require('luasnip.nodes.multiSnippet')
044.155  000.728  000.728: require('vim.filetype')
044.388  000.114  000.114: require('luasnip.config')
044.777  000.139  000.139: require('luasnip.loaders')
044.794  000.402  000.263: require('luasnip')
044.810  001.451  000.208: sourcing /Users/delgorithm/.local/share/nvim/lazy/LuaSnip/plugin/luasnip.lua
045.039  000.145  000.145: sourcing /Users/delgorithm/.local/share/nvim/lazy/LuaSnip/plugin/luasnip.vim
046.103  000.174  000.174: require('cmp.utils.api')
046.277  000.082  000.082: require('cmp.types.cmp')
046.962  000.551  000.551: require('cmp.utils.misc')
046.972  000.694  000.143: require('cmp.types.lsp')
047.072  000.099  000.099: require('cmp.types.vim')
047.074  000.969  000.094: require('cmp.types')
047.156  000.082  000.082: require('cmp.utils.highlight')
047.315  000.087  000.087: require('cmp.utils.debug')
047.319  000.161  000.075: require('cmp.utils.autocmd')
047.538  001.689  000.302: sourcing /Users/delgorithm/.local/share/nvim/lazy/nvim-cmp/plugin/cmp.lua
048.156  000.111  000.111: require('cmp.utils.char')
048.160  000.213  000.103: require('cmp.utils.str')
048.449  000.083  000.083: require('cmp.utils.buffer')
048.455  000.214  000.131: require('cmp.utils.keymap')
048.457  000.296  000.082: require('cmp.utils.feedkeys')
048.739  000.098  000.098: require('cmp.config.mapping')
048.855  000.077  000.077: require('cmp.utils.cache')
049.076  000.135  000.135: require('cmp.config.compare')
049.077  000.220  000.085: require('cmp.config.default')
049.098  000.552  000.157: require('cmp.config')
049.109  000.652  000.100: require('cmp.utils.async')
049.334  000.109  000.109: require('cmp.utils.pattern')
049.339  000.229  000.120: require('cmp.context')
050.107  000.338  000.338: require('cmp.utils.snippet')
050.666  000.555  000.555: require('cmp.matcher')
050.669  001.193  000.301: require('cmp.entry')
050.674  001.334  000.141: require('cmp.source')
050.837  000.071  000.071: require('cmp.utils.event')
051.058  000.067  000.067: require('cmp.utils.options')
051.060  000.148  000.081: require('cmp.utils.window')
051.062  000.223  000.075: require('cmp.view.docs_view')
051.247  000.185  000.185: require('cmp.view.custom_entries_view')
051.333  000.085  000.085: require('cmp.view.wildmenu_entries_view')
051.410  000.077  000.077: require('cmp.view.native_entries_view')
051.492  000.080  000.080: require('cmp.view.ghost_text_view')
051.496  000.822  000.100: require('cmp.view')
051.826  004.142  000.596: require('cmp.core')
051.986  000.071  000.071: require('cmp.config.sources')
052.057  000.070  000.070: require('cmp.config.window')
052.113  004.562  000.280: require('cmp')
053.373  000.202  000.202: sourcing /Users/delgorithm/.local/share/nvim/lazy/vim-bbye/plugin/bbye.vim
053.710  000.106  000.106: sourcing /Users/delgorithm/.local/share/nvim/lazy/nvim-web-devicons/plugin/nvim-web-devicons.vim
054.477  000.079  000.079: require('bufferline.lazy')
054.567  000.087  000.087: require('bufferline.commands')
054.783  000.214  000.214: require('bufferline.config')
054.785  000.994  000.615: require('bufferline')
055.216  000.192  000.192: require('bufferline.utils')
055.217  000.391  000.199: require('bufferline.groups')
055.301  000.072  000.072: require('bufferline.constants')
055.377  000.074  000.074: require('bufferline.colors')
055.697  000.085  000.085: require('bufferline.highlights')
056.605  000.504  000.504: require('bufferline.hover')
056.877  000.248  000.248: require('bufferline.ui')
057.370  000.166  000.166: sourcing /Users/delgorithm/.local/share/nvim/lazy/plenary.nvim/plugin/plenary.vim
057.716  000.211  000.211: sourcing /Users/delgorithm/.local/share/nvim/lazy/lazygit.nvim/plugin/lazygit.vim
059.600  000.107  000.107: require('null-ls.utils.tbl_flatten')
059.617  000.395  000.288: require('null-ls.utils')
059.628  000.559  000.164: require('null-ls.config')
060.113  000.342  000.342: require('null-ls.helpers.cache')
060.178  000.064  000.064: require('null-ls.helpers.check_exit_code')
060.256  000.078  000.078: require('null-ls.helpers.diagnostics')
060.413  000.156  000.156: require('null-ls.helpers.formatter_factory')
060.785  000.144  000.144: require('null-ls.logger')
060.854  000.068  000.068: require('null-ls.state')
060.855  000.441  000.230: require('null-ls.helpers.generator_factory')
061.009  000.071  000.071: require('null-ls.helpers.command_resolver')
061.010  000.154  000.082: require('null-ls.helpers.make_builtin')
061.077  000.066  000.066: require('null-ls.helpers.range_formatting_args_factory')
061.078  001.449  000.148: require('null-ls.helpers')
061.316  000.092  000.092: require('null-ls.methods')
061.318  000.168  000.075: require('null-ls.diagnostics')
061.321  000.243  000.075: require('null-ls.sources')
061.432  000.109  000.109: require('null-ls.builtins')
061.434  003.071  000.711: require('null-ls')
062.541  000.151  000.151: require('mason-core.path')
063.365  000.167  000.167: require('mason-core.functional')
063.531  000.072  000.072: require('mason-core.functional.data')
063.534  000.160  000.088: require('mason-core.functional.function')
063.608  000.066  000.066: require('mason-core.functional.relation')
063.684  000.071  000.071: require('mason-core.functional.logic')
063.689  001.147  000.683: require('mason-core.platform')
063.769  000.079  000.079: require('mason.settings')
063.770  001.834  000.457: require('mason')
064.069  000.163  000.163: require('mason-core.functional.list')
064.305  000.234  000.234: require('mason-core.functional.string')
064.323  000.513  000.116: require('mason.api.command')
064.921  000.596  000.596: require('mason-registry.sources')
065.022  003.513  000.570: require('mason-core.log')
065.100  000.077  000.077: require('mason-null-ls.automatic_setup')
065.102  003.668  000.077: require('mason-null-ls')
065.241  000.138  000.138: require('mason-null-ls.settings')
065.590  000.086  000.086: require('mason-core.EventEmitter')
065.665  000.075  000.075: require('mason-core.optional')
065.924  000.157  000.157: require('mason-core.async')
066.030  000.104  000.104: require('mason-core.async.uv')
066.036  000.370  000.110: require('mason-core.fs')
066.048  000.629  000.098: require('mason-registry')
066.049  000.729  000.100: require('mason-null-ls.ensure_installed')
066.239  000.102  000.102: require('mason-core.result')
066.540  000.126  000.126: require('mason-core.process')
066.669  000.128  000.128: require('mason-core.spawn')
066.671  000.347  000.093: require('mason-core.managers.powershell')
066.750  000.078  000.078: require('mason.version')
066.751  000.512  000.087: require('mason-core.fetch')
066.833  000.080  000.080: require('mason-core.providers')
067.741  000.177  000.177: require('mason-core.functional.table')
067.806  000.350  000.173: require('mason-core.purl')
067.814  000.806  000.456: require('mason-core.package')
068.172  000.111  000.111: require('mason-core.installer.registry.expr')
068.178  000.269  000.158: require('mason-core.installer.registry.link')
068.940  000.122  000.122: require('mason-core.receipt')
068.955  000.347  000.224: require('mason-core.installer.context')
069.042  000.086  000.086: require('mason-core.async.control')
069.133  000.091  000.091: require('mason-core.installer.linker')
069.137  000.752  000.229: require('mason-core.installer')
069.149  000.856  000.104: require('mason-core.installer.managers.std')
069.150  000.971  000.115: require('mason-core.installer.registry.schemas')
069.235  000.084  000.084: require('mason-core.installer.registry.util')
069.269  001.454  000.129: require('mason-core.installer.registry')
069.271  002.437  000.178: require('mason-registry.sources.util')
069.277  003.224  000.092: require('mason-registry.sources.github')
072.675  000.087  000.087: require('mason-null-ls.automatic_installation')
073.022  000.154  000.154: require('mason-core.notify')
073.227  000.204  000.204: require('mason-core.functional.number')
073.257  000.572  000.214: require('mason-null-ls.api.command')
073.421  000.163  000.163: require('null-ls.builtins.diagnostics.checkmake')
073.577  000.154  000.154: require('null-ls.builtins.formatting.prettier')
073.751  000.145  000.145: require('null-ls.builtins.formatting.stylua')
073.931  000.179  000.179: require('null-ls.builtins.formatting.shfmt')
074.169  000.211  000.211: require('null-ls.builtins.formatting.terraform_fmt')
074.366  000.196  000.196: require('none-ls.formatting.ruff')
074.480  000.092  000.092: require('none-ls.formatting.ruff_format')
075.422  000.224  000.224: require('null-ls.loop')
075.758  000.129  000.129: require('vim.lsp.log')
076.134  000.375  000.375: require('vim.lsp.protocol')
076.630  000.201  000.201: require('vim.lsp._snippet_grammar')
076.894  000.263  000.263: require('vim.highlight')
076.902  000.767  000.303: require('vim.lsp.util')
077.047  000.070  000.070: require('vim.lsp.sync')
077.050  000.146  000.076: require('vim.lsp._changetracking')
077.264  000.213  000.213: require('vim.lsp.rpc')
077.313  001.890  000.260: require('vim.lsp')
077.317  002.316  000.202: require('null-ls.client')
078.627  000.073  000.073: require('nvim-treesitter.utils')
079.472  000.065  000.065: require('vim.treesitter.language')
079.531  000.058  000.058: require('vim.func')
079.595  000.062  000.062: require('vim.func._memoize')
079.621  000.387  000.202: require('vim.treesitter.query')
079.689  000.067  000.067: require('vim.treesitter._range')
079.734  000.704  000.251: require('vim.treesitter.languagetree')
079.763  000.813  000.109: require('vim.treesitter')
080.310  001.682  000.869: require('nvim-treesitter.parsers')
081.430  000.158  000.158: require('nvim-treesitter.compat')
081.677  000.139  000.139: require('nvim-treesitter.ts_utils')
081.680  000.248  000.109: require('nvim-treesitter.tsrange')
081.825  000.145  000.145: require('nvim-treesitter.caching')
081.830  000.756  000.205: require('nvim-treesitter.query')
081.836  001.309  000.553: require('nvim-treesitter.configs')
081.837  001.526  000.217: require('nvim-treesitter.info')
082.021  000.183  000.183: require('nvim-treesitter.shell_command_selectors')
082.031  003.971  000.506: require('nvim-treesitter.install')
082.192  000.160  000.160: require('nvim-treesitter.statusline')
082.352  000.159  000.159: require('nvim-treesitter.query_predicates')
082.354  004.787  000.497: require('nvim-treesitter')
082.746  005.310  000.523: sourcing /Users/delgorithm/.local/share/nvim/lazy/nvim-treesitter/plugin/nvim-treesitter.lua
085.889  000.169  000.169: require('nvim-treesitter.indent')
086.048  000.149  000.149: require('nvim-treesitter.highlight')
087.289  000.152  000.152: require('Comment.config')
087.558  000.188  000.188: require('Comment.ft')
087.560  000.270  000.082: require('Comment.utils')
087.635  000.074  000.074: require('Comment.opfunc')
087.701  000.066  000.066: require('Comment.extra')
087.703  001.057  000.495: require('Comment.api')
087.733  001.294  000.237: sourcing /Users/delgorithm/.local/share/nvim/lazy/Comment.nvim/plugin/Comment.lua
088.315  000.525  000.525: require('alpha')
088.393  000.077  000.077: require('alpha.themes.dashboard')
089.134  000.125  000.125: require('lualine_require')
089.617  001.176  001.051: require('lualine')
091.016  000.164  000.164: require('lualine.themes.gruvbox_dark')
093.652  000.280  000.280: require('lualine.utils.mode')
097.828  000.191  000.191: require('ibl.utils')
097.837  000.761  000.569: require('ibl.config')
098.033  000.092  000.092: require('ibl.indent')
098.037  000.199  000.107: require('ibl.hooks')
098.039  001.110  000.150: require('ibl.highlights')
098.136  000.096  000.096: require('ibl.autocmds')
098.306  000.169  000.169: require('ibl.inlay_hints')
098.393  000.086  000.086: require('ibl.virt_text')
098.781  000.310  000.310: require('ibl.scope_languages')
098.783  000.389  000.079: require('ibl.scope')
098.787  002.428  000.578: require('ibl')
099.159  000.283  000.283: require('vim.iter')
099.512  000.318  000.318: require('vim.lsp.handlers')
100.730  000.207  000.207: require('gitsigns.async')
100.864  000.132  000.132: require('gitsigns.debug.log')
101.209  000.344  000.344: require('gitsigns.config')
101.216  001.326  000.643: require('gitsigns')
101.881  000.446  000.446: require('gitsigns.highlight')
102.401  000.197  000.197: require('gitsigns.debounce')
104.834  001.341  001.341: require('mason-tool-installer')
104.845  001.576  000.235: sourcing /Users/delgorithm/.local/share/nvim/lazy/mason-tool-installer.nvim/plugin/mason-tool-installer.lua
106.513  000.529  000.529: require('fidget.spinner.patterns')
106.515  000.685  000.156: require('fidget.spinner')
106.599  000.082  000.082: require('fidget.options')
106.603  000.923  000.156: require('fidget.progress.display')
106.843  000.109  000.109: require('fidget.logger')
106.845  000.242  000.133: require('fidget.progress.lsp')
107.998  000.127  000.127: require('fidget.poll')
108.002  000.257  000.130: require('fidget.notification.model')
108.540  000.537  000.537: require('fidget.notification.window')
108.863  000.322  000.322: require('fidget.notification.view')
108.935  001.909  000.793: require('fidget.notification')
108.941  002.095  000.186: require('fidget.progress.handle')
108.975  003.405  000.145: require('fidget.progress')
109.476  000.499  000.499: require('fidget.commands')
109.746  000.136  000.136: require('fidget.integration.nvim-tree')
109.900  000.153  000.153: require('fidget.integration.xcodebuild-nvim')
109.907  000.427  000.138: require('fidget.integration')
109.912  004.906  000.576: require('fidget')
111.607  000.629  000.629: require('lspconfig.util')
111.623  000.812  000.183: sourcing /Users/delgorithm/.local/share/nvim/lazy/nvim-lspconfig/plugin/lspconfig.lua
112.189  000.245  000.245: require('cmp_nvim_lsp.source')
112.194  000.436  000.190: require('cmp_nvim_lsp')
112.765  000.146  000.146: require('mason-lspconfig.settings')
112.771  000.310  000.164: require('mason-lspconfig')
112.901  000.129  000.129: require('mason-null-ls.mappings.source')
113.297  000.096  000.096: require('mason-lspconfig.notify')
113.299  000.179  000.082: require('mason-lspconfig.lspconfig_hook')
113.417  000.117  000.117: require('mason-lspconfig.mappings.server')
113.536  000.118  000.118: require('mason-lspconfig.server_config_extensions')
114.225  000.482  000.482: require('lspconfig.async')
114.227  000.690  000.207: require('lspconfig.configs')
114.352  000.125  000.125: require('lspconfig.configs.omnisharp')
114.638  000.093  000.093: require('mason-lspconfig.api.command')
114.954  000.185  000.185: require('lspconfig')
115.126  000.171  000.171: require('lspconfig.configs.dockerls')
115.938  000.199  000.199: require('lspconfig.manager')
116.133  000.185  000.185: require('lspconfig.configs.sqlls')
116.669  000.194  000.194: require('lspconfig.configs.terraformls')
117.226  000.193  000.193: require('lspconfig.configs.ts_ls')
117.742  000.206  000.206: require('lspconfig.configs.html')
118.305  000.190  000.190: require('lspconfig.configs.yamlls')
118.903  000.186  000.186: require('lspconfig.configs.ruff')
119.419  000.189  000.189: require('lspconfig.configs.pylsp')
119.710  000.207  000.207: require('mason-lspconfig.server_configurations.pylsp')
120.206  000.212  000.212: require('lspconfig.configs.cssls')
120.787  000.197  000.197: require('lspconfig.configs.tailwindcss')
121.311  000.188  000.188: require('lspconfig.configs.jsonls')
121.775  000.153  000.153: require('lspconfig.configs.lua_ls')
122.181  000.174  000.174: require('lspconfig.configs.elixirls')
122.399  000.173  000.173: require('mason-lspconfig.server_configurations.elixirls')
124.280  000.074  000.074: require('window-picker.util')
124.282  000.426  000.352: require('window-picker.filters.default-window-filter')
124.355  000.071  000.071: require('window-picker.pickers.window-picker')
124.626  000.085  000.085: require('window-picker.hints.statusline-hint')
124.628  000.272  000.187: require('window-picker.hints.statusline-winbar-hint')
124.716  000.087  000.087: require('window-picker.configurer')
124.717  001.018  000.161: require('window-picker.builder')
124.878  000.160  000.160: require('window-picker.config')
124.879  001.682  000.504: require('window-picker')
125.131  000.138  000.138: sourcing /Users/delgorithm/.local/share/nvim/lazy/neo-tree.nvim/plugin/neo-tree.vim
125.657  000.197  000.197: require('neo-tree.log')
125.737  000.079  000.079: require('neo-tree.utils.filesize.filesize')
125.751  000.512  000.236: require('neo-tree.utils')
125.752  000.596  000.084: require('neo-tree')
126.139  000.225  000.225: require('neo-tree.defaults')
126.234  000.094  000.094: require('neo-tree.setup.mapping-helper')
126.485  000.079  000.079: require('neo-tree.collections')
126.487  000.160  000.081: require('neo-tree.events.queue')
126.488  000.253  000.093: require('neo-tree.events')
127.007  000.183  000.183: require('plenary.bit')
127.165  000.158  000.158: require('plenary.functional')
127.185  000.573  000.232: require('plenary.path')
127.450  000.265  000.265: require('neo-tree.sources.filesystem.lib.globtopattern')
127.453  000.964  000.126: require('neo-tree.sources.common.file-nesting')
127.644  000.191  000.191: require('neo-tree.ui.highlights')
128.426  000.092  000.092: require('nui.object')
129.058  000.553  000.553: require('nui.utils')
129.063  000.636  000.083: require('nui.text')
129.066  000.812  000.083: require('nui.line')
129.274  000.085  000.085: require('nui.tree.util')
129.307  000.240  000.155: require('nui.tree')
129.465  000.072  000.072: require('nui.utils.buf_storage')
129.561  000.094  000.094: require('nui.utils.autocmd')
129.658  000.071  000.071: require('nui.utils.keymap')
129.811  000.077  000.077: require('nui.layout.utils')
129.813  000.154  000.077: require('nui.split.utils')
129.818  000.510  000.118: require('nui.split')
130.144  000.239  000.239: require('nui.popup.border')
130.188  000.369  000.130: require('nui.popup')
130.280  000.091  000.091: require('neo-tree.ui.popups')
130.357  000.076  000.076: require('neo-tree.ui.windows')
130.364  002.335  000.237: require('neo-tree.ui.renderer')
130.764  000.096  000.096: require('plenary.compat')
130.768  000.316  000.220: require('plenary.job')
130.770  000.406  000.090: require('neo-tree.sources.filesystem.lib.filter_external')
130.958  000.186  000.186: require('neo-tree.sources.common.file-items')
131.438  000.105  000.105: require('neo-tree.git.utils')
131.440  000.300  000.194: require('neo-tree.git.status')
131.933  000.492  000.492: require('neo-tree.git.ignored')
131.934  000.884  000.092: require('neo-tree.git')
131.936  000.977  000.092: require('neo-tree.sources.filesystem.lib.fs_watch')
132.330  000.072  000.072: require('plenary.tbl')
132.332  000.146  000.074: require('plenary.vararg.rotate')
132.333  000.219  000.074: require('plenary.vararg')
132.411  000.077  000.077: require('plenary.errors')
132.414  000.370  000.073: require('plenary.async.async')
132.747  000.084  000.084: require('plenary.async.structs')
132.750  000.166  000.082: require('plenary.async.control')
132.753  000.242  000.075: require('plenary.async.util')
132.756  000.341  000.099: require('plenary.async.tests')
132.757  000.820  000.109: require('plenary.async')
132.760  004.933  000.208: require('neo-tree.sources.filesystem.lib.fs_scan')
132.930  000.087  000.087: require('nui.input')
132.932  000.171  000.084: require('neo-tree.ui.inputs')
132.938  005.293  000.190: require('neo-tree.sources.manager')
133.306  000.084  000.084: require('neo-tree.command.parser')
133.381  000.073  000.073: require('neo-tree.command.completion')
133.382  000.369  000.213: require('neo-tree.command')
133.383  000.444  000.075: require('neo-tree.setup.netrw')
133.456  000.072  000.072: require('neo-tree.sources.common.hijack_cursor')
133.458  007.702  000.165: require('neo-tree.setup')
133.820  000.092  000.092: require('neo-tree.setup.deprecations')
135.980  000.262  000.262: require('neo-tree.sources.filesystem')
136.387  000.153  000.153: require('neo-tree.sources.buffers.lib.items')
136.389  000.407  000.254: require('neo-tree.sources.buffers')
137.100  000.577  000.577: require('neo-tree.sources.git_status.lib.items')
137.102  000.711  000.135: require('neo-tree.sources.git_status')
137.647  000.125  000.125: require('neo-tree.sources.common.container')
137.655  000.373  000.248: require('neo-tree.sources.common.components')
137.681  000.504  000.131: require('neo-tree.sources.buffers.components')
139.570  001.230  001.230: require('plenary.scandir')
139.681  000.109  000.109: require('plenary')
139.688  001.620  000.280: require('neo-tree.sources.filesystem.lib.fs_actions')
139.800  000.110  000.110: require('neo-tree.sources.common.help')
140.036  000.235  000.235: require('neo-tree.sources.common.preview')
140.138  000.101  000.101: require('neo-tree.sources.common.node_expander')
140.149  002.317  000.251: require('neo-tree.sources.common.commands')
140.181  002.499  000.182: require('neo-tree.sources.buffers.commands')
140.443  000.102  000.102: require('neo-tree.sources.filesystem.components')
141.049  000.459  000.459: require('neo-tree.sources.filesystem.lib.filter')
141.066  000.622  000.163: require('neo-tree.sources.filesystem.commands')
141.261  000.098  000.098: require('neo-tree.sources.git_status.components')
141.362  000.100  000.100: require('neo-tree.sources.git_status.commands')
142.804  000.277  000.277: sourcing /opt/homebrew/Cellar/neovim/0.10.3/share/nvim/runtime/plugin/editorconfig.lua
143.039  000.200  000.200: sourcing /opt/homebrew/Cellar/neovim/0.10.3/share/nvim/runtime/plugin/gzip.vim
143.258  000.187  000.187: sourcing /opt/homebrew/Cellar/neovim/0.10.3/share/nvim/runtime/plugin/man.lua
144.502  000.269  000.269: sourcing /opt/homebrew/Cellar/neovim/0.10.3/share/nvim/runtime/pack/dist/opt/matchit/plugin/matchit.vim
144.511  001.220  000.952: sourcing /opt/homebrew/Cellar/neovim/0.10.3/share/nvim/runtime/plugin/matchit.vim
144.760  000.215  000.215: sourcing /opt/homebrew/Cellar/neovim/0.10.3/share/nvim/runtime/plugin/matchparen.vim
145.042  000.249  000.249: sourcing /opt/homebrew/Cellar/neovim/0.10.3/share/nvim/runtime/plugin/netrwPlugin.vim
145.265  000.184  000.184: sourcing /opt/homebrew/Cellar/neovim/0.10.3/share/nvim/runtime/plugin/osc52.lua
145.495  000.194  000.194: sourcing /opt/homebrew/Cellar/neovim/0.10.3/share/nvim/runtime/plugin/rplugin.vim
145.623  000.091  000.091: sourcing /opt/homebrew/Cellar/neovim/0.10.3/share/nvim/runtime/plugin/shada.vim
145.839  000.169  000.169: sourcing /opt/homebrew/Cellar/neovim/0.10.3/share/nvim/runtime/plugin/spellfile.vim
145.960  000.070  000.070: sourcing /opt/homebrew/Cellar/neovim/0.10.3/share/nvim/runtime/plugin/tarPlugin.vim
146.154  000.118  000.118: sourcing /opt/homebrew/Cellar/neovim/0.10.3/share/nvim/runtime/plugin/tohtml.lua
146.223  000.031  000.031: sourcing /opt/homebrew/Cellar/neovim/0.10.3/share/nvim/runtime/plugin/tutor.vim
146.368  000.109  000.109: sourcing /opt/homebrew/Cellar/neovim/0.10.3/share/nvim/runtime/plugin/zipPlugin.vim
146.724  000.194  000.194: sourcing /Users/delgorithm/.local/share/nvim/lazy/indent-blankline.nvim/after/plugin/commands.lua
147.273  000.328  000.328: require('cmp_path')
147.340  000.525  000.197: sourcing /Users/delgorithm/.local/share/nvim/lazy/cmp-path/after/plugin/cmp_path.lua
147.934  000.104  000.104: require('cmp_buffer.timer')
147.937  000.220  000.116: require('cmp_buffer.buffer')
147.940  000.338  000.117: require('cmp_buffer.source')
147.941  000.426  000.088: require('cmp_buffer')
147.966  000.525  000.100: sourcing /Users/delgorithm/.local/share/nvim/lazy/cmp-buffer/after/plugin/cmp_buffer.lua
148.220  000.114  000.114: sourcing /Users/delgorithm/.local/share/nvim/lazy/cmp-nvim-lsp/after/plugin/cmp_nvim_lsp.lua
148.594  000.205  000.205: require('cmp_luasnip')
148.626  000.310  000.105: sourcing /Users/delgorithm/.local/share/nvim/lazy/cmp_luasnip/after/plugin/cmp_luasnip.lua
148.676  142.752  043.402: sourcing /Users/delgorithm/.config/nvim/init.lua
148.693  000.779: sourcing vimrc file(s)
149.336  000.046  000.046: sourcing /opt/homebrew/Cellar/neovim/0.10.3/share/nvim/runtime/filetype.lua
149.869  000.098  000.098: sourcing /opt/homebrew/Cellar/neovim/0.10.3/share/nvim/runtime/syntax/synload.vim
149.913  000.475  000.378: sourcing /opt/homebrew/Cellar/neovim/0.10.3/share/nvim/runtime/syntax/syntax.vim
149.918  000.704: inits 3
151.850  001.933: reading ShaDa
152.293  000.392  000.392: require('luasnip.loaders.from_lua')
152.514  000.217  000.217: require('luasnip.loaders.from_snipmate')
152.702  000.241: opening buffers
152.820  000.111  000.111: require('bufferline.state')
152.888  000.076: BufEnter autocommands
152.890  000.002: editing files in windows
154.247  000.177  000.177: sourcing /Users/delgorithm/.local/share/nvim/lazy/nvim-treesitter/autoload/nvim_treesitter.vim
154.473  000.214  000.214: require('nvim-treesitter.fold')
154.724  000.178  000.178: sourcing /Users/delgorithm/.local/share/nvim/lazy/telescope.nvim/plugin/telescope.lua
155.015  000.111  000.111: require('telescope._extensions')
155.017  000.275  000.164: require('telescope')
155.816  000.184  000.184: require('plenary.strings')
156.004  000.185  000.185: require('telescope.deprecated')
156.378  000.131  000.131: require('plenary.log')
156.418  000.289  000.158: require('telescope.log')
156.745  000.114  000.114: require('telescope.state')
156.764  000.345  000.231: require('telescope.utils')
156.768  000.763  000.129: require('telescope.sorters')
157.899  002.567  001.435: require('telescope.config')
158.172  000.123  000.123: require('plenary.window.border')
158.258  000.085  000.085: require('plenary.window')
158.335  000.076  000.076: require('plenary.popup.utils')
158.337  000.437  000.152: require('plenary.popup')
158.467  000.098  000.098: require('telescope.pickers.scroller')
158.561  000.093  000.093: require('telescope.actions.state')
158.700  000.138  000.138: require('telescope.actions.utils')
158.934  000.104  000.104: require('telescope.actions.mt')
159.089  000.388  000.284: require('telescope.actions.set')
159.481  000.225  000.225: require('telescope.config.resolve')
159.486  000.397  000.172: require('telescope.pickers.entry_display')
159.630  000.143  000.143: require('telescope.from_entry')
160.344  005.326  001.064: require('telescope.actions')
160.540  000.194  000.194: require('telescope.themes')
162.689  000.465  000.465: require('fzf_lib')
162.701  000.691  000.226: require('telescope._extensions.fzf')
162.850  000.143  000.143: require('telescope._extensions.ui-select')
163.262  000.086  000.086: require('telescope.debounce')
163.367  000.103  000.103: require('telescope.mappings')
163.472  000.104  000.104: require('telescope.pickers.highlights')
163.600  000.125  000.125: require('telescope.pickers.window')
163.832  000.120  000.120: require('telescope.algos.linked_list')
163.834  000.233  000.113: require('telescope.entry_manager')
163.928  000.093  000.093: require('telescope.pickers.multi')
163.937  001.075  000.331: require('telescope.pickers')
164.306  000.274  000.274: require('telescope.make_entry')
164.391  000.083  000.083: require('telescope.finders.async_static_finder')
164.635  000.073  000.073: require('plenary.class')
164.642  000.168  000.095: require('telescope._')
164.643  000.251  000.084: require('telescope.finders.async_oneshot_finder')
164.728  000.085  000.085: require('telescope.finders.async_job_finder')
164.731  000.793  000.100: require('telescope.finders')
164.926  000.190  000.190: require('vim.ui')
165.126  000.195  000.195: require('telescope.builtin')
169.382  007.040: VimEnter autocommands
169.527  000.145: UIEnter autocommands
169.982  000.289  000.289: sourcing /opt/homebrew/Cellar/neovim/0.10.3/share/nvim/runtime/autoload/provider/clipboard.vim
169.986  000.171: before starting main loop
170.443  000.084  000.084: require('bufferline.pick')
170.525  000.080  000.080: require('bufferline.duplicates')
170.780  000.254  000.254: require('bufferline.diagnostics')
171.329  000.548  000.548: require('bufferline.models')
171.331  001.081  000.114: require('bufferline.buffers')
171.447  000.099  000.099: require('bufferline.sorters')
171.532  000.080  000.080: require('bufferline.tabpages')
171.623  000.076  000.076: require('bufferline.offset')
171.695  000.070  000.070: require('bufferline.custom_area')
172.070  000.678: first screen update
172.071  000.001: --- NVIM STARTED ---

